0 verbose cli /usr/local/bin/node /usr/local/bin/npm
1 info using npm@10.2.4
2 info using node@v21.6.1
3 timing npm:load:whichnode Completed in 3ms
4 timing config:load:defaults Completed in 2ms
5 timing config:load:file:/usr/local/lib/node_modules/npm/npmrc Completed in 2ms
6 timing config:load:builtin Completed in 2ms
7 timing config:load:cli Completed in 3ms
8 timing config:load:env Completed in 0ms
9 timing config:load:project Completed in 3ms
10 timing config:load:file:/Users/jeff/.npmrc Completed in 0ms
11 timing config:load:user Completed in 0ms
12 timing config:load:file:/usr/local/etc/npmrc Completed in 0ms
13 timing config:load:global Completed in 1ms
14 timing config:load:setEnvs Completed in 1ms
15 timing config:load Completed in 14ms
16 timing npm:load:configload Completed in 14ms
17 timing config:load:flatten Completed in 4ms
18 timing npm:load:mkdirpcache Completed in 0ms
19 timing npm:load:mkdirplogs Completed in 0ms
20 verbose title npm install sass-migrator
21 verbose argv "install" "--global" "sass-migrator"
22 timing npm:load:setTitle Completed in 24ms
23 timing npm:load:display Completed in 0ms
24 verbose logfile logs-max:10 dir:/Users/jeff/.npm/_logs/2024-02-04T12_56_13_325Z-
25 verbose logfile /Users/jeff/.npm/_logs/2024-02-04T12_56_13_325Z-debug-0.log
26 timing npm:load:logFile Completed in 10ms
27 timing npm:load:timers Completed in 0ms
28 timing npm:load:configScope Completed in 0ms
29 timing npm:load Completed in 85ms
30 timing config:load:flatten Completed in 0ms
31 timing arborist:ctor Completed in 0ms
32 silly logfile done cleaning log files
33 timing idealTree:init Completed in 13ms
34 timing idealTree:userRequests Completed in 6ms
35 silly idealTree buildDeps
36 silly fetch manifest sass-migrator@*
37 http fetch GET 200 https://registry.npmjs.org/sass-migrator 2644ms (cache miss)
38 silly placeDep ROOT sass-migrator@2.0.2 OK for:  want: *
39 timing idealTree:#root Completed in 2655ms
40 timing idealTree:node_modules/sass-migrator Completed in 0ms
41 timing idealTree:buildDeps Completed in 2658ms
42 timing idealTree:fixDepFlags Completed in 4ms
43 timing idealTree Completed in 2684ms
44 timing reify:loadTrees Completed in 2686ms
45 timing reify:diffTrees Completed in 2ms
46 silly reify moves {}
47 timing reify:retireShallow Completed in 2ms
48 timing reify:rollback:createSparse Completed in 0ms
49 timing reify:rollback:retireShallow Completed in 0ms
50 timing command:install Completed in 2712ms
51 verbose stack Error: EACCES: permission denied, mkdir '/usr/local/lib/node_modules/sass-migrator'
51 verbose stack     at async mkdir (node:internal/fs/promises:855:10)
51 verbose stack     at async /usr/local/lib/node_modules/npm/node_modules/@npmcli/arborist/lib/arborist/reify.js:551:20
51 verbose stack     at async Promise.allSettled (index 0)
51 verbose stack     at async [reifyPackages] (/usr/local/lib/node_modules/npm/node_modules/@npmcli/arborist/lib/arborist/reify.js:251:11)
51 verbose stack     at async Arborist.reify (/usr/local/lib/node_modules/npm/node_modules/@npmcli/arborist/lib/arborist/reify.js:170:5)
51 verbose stack     at async Install.exec (/usr/local/lib/node_modules/npm/lib/commands/install.js:152:5)
51 verbose stack     at async module.exports (/usr/local/lib/node_modules/npm/lib/cli-entry.js:61:5)
52 verbose cwd /Users/jeff/Desktop/Dev/jekyll-blog
53 verbose Darwin 21.6.0
54 verbose node v21.6.1
55 verbose npm  v10.2.4
56 error code EACCES
57 error syscall mkdir
58 error path /usr/local/lib/node_modules/sass-migrator
59 error errno -13
60 error Error: EACCES: permission denied, mkdir '/usr/local/lib/node_modules/sass-migrator'
60 error     at async mkdir (node:internal/fs/promises:855:10)
60 error     at async /usr/local/lib/node_modules/npm/node_modules/@npmcli/arborist/lib/arborist/reify.js:551:20
60 error     at async Promise.allSettled (index 0)
60 error     at async [reifyPackages] (/usr/local/lib/node_modules/npm/node_modules/@npmcli/arborist/lib/arborist/reify.js:251:11)
60 error     at async Arborist.reify (/usr/local/lib/node_modules/npm/node_modules/@npmcli/arborist/lib/arborist/reify.js:170:5)
60 error     at async Install.exec (/usr/local/lib/node_modules/npm/lib/commands/install.js:152:5)
60 error     at async module.exports (/usr/local/lib/node_modules/npm/lib/cli-entry.js:61:5) {
60 error   errno: -13,
60 error   code: 'EACCES',
60 error   syscall: 'mkdir',
60 error   path: '/usr/local/lib/node_modules/sass-migrator'
60 error }
61 error
61 error The operation was rejected by your operating system.
61 error It is likely you do not have the permissions to access this file as the current user
61 error
61 error If you believe this might be a permissions issue, please double-check the
61 error permissions of the file and its containing directories, or try running
61 error the command again as root/Administrator.
62 verbose exit -13
63 timing npm Completed in 3716ms
64 verbose unfinished npm timer reify 1707051374336
65 verbose unfinished npm timer reify:createSparse 1707051377038
66 verbose code -13
67 error A complete log of this run can be found in: /Users/jeff/.npm/_logs/2024-02-04T12_56_13_325Z-debug-0.log
