0 verbose cli /usr/local/bin/node /usr/local/bin/npm
1 info using npm@10.2.4
2 info using node@v21.6.1
3 timing npm:load:whichnode Completed in 3ms
4 timing config:load:defaults Completed in 2ms
5 timing config:load:file:/usr/local/lib/node_modules/npm/npmrc Completed in 2ms
6 timing config:load:builtin Completed in 2ms
7 timing config:load:cli Completed in 2ms
8 timing config:load:env Completed in 0ms
9 timing config:load:project Completed in 1ms
10 timing config:load:file:/Users/jeff/.npmrc Completed in 0ms
11 timing config:load:user Completed in 0ms
12 timing config:load:file:/usr/local/etc/npmrc Completed in 0ms
13 timing config:load:global Completed in 0ms
14 timing config:load:setEnvs Completed in 1ms
15 timing config:load Completed in 10ms
16 timing npm:load:configload Completed in 10ms
17 timing config:load:flatten Completed in 4ms
18 timing npm:load:mkdirpcache Completed in 1ms
19 timing npm:load:mkdirplogs Completed in 0ms
20 verbose title npm install pnpm
21 verbose argv "install" "--global" "pnpm"
22 timing npm:load:setTitle Completed in 22ms
23 timing npm:load:display Completed in 1ms
24 verbose logfile logs-max:10 dir:/Users/jeff/.npm/_logs/2024-02-03T21_24_10_548Z-
25 verbose logfile /Users/jeff/.npm/_logs/2024-02-03T21_24_10_548Z-debug-0.log
26 timing npm:load:logFile Completed in 11ms
27 timing npm:load:timers Completed in 0ms
28 timing npm:load:configScope Completed in 0ms
29 timing npm:load Completed in 82ms
30 timing config:load:flatten Completed in 1ms
31 timing arborist:ctor Completed in 1ms
32 silly logfile done cleaning log files
33 timing idealTree:init Completed in 7ms
34 timing idealTree:userRequests Completed in 1ms
35 silly idealTree buildDeps
36 silly fetch manifest pnpm@*
37 http fetch GET 200 https://registry.npmjs.org/npm 500ms (cache miss)
38 http fetch GET 200 https://registry.npmjs.org/pnpm 1161ms (cache miss)
39 silly placeDep ROOT pnpm@8.15.1 OK for:  want: *
40 timing idealTree:#root Completed in 1179ms
41 timing idealTree:node_modules/pnpm Completed in 0ms
42 timing idealTree:buildDeps Completed in 1181ms
43 timing idealTree:fixDepFlags Completed in 0ms
44 timing idealTree Completed in 1191ms
45 timing reify:loadTrees Completed in 1194ms
46 timing reify:diffTrees Completed in 1ms
47 silly reify moves {}
48 timing reify:retireShallow Completed in 3ms
49 timing reify:rollback:createSparse Completed in 0ms
50 timing reify:rollback:retireShallow Completed in 0ms
51 timing command:install Completed in 1338ms
52 notice
52 notice New [33mminor[39m version of npm available! [31m10.2.4[39m -> [32m10.4.0[39m
52 notice Changelog: [36mhttps://github.com/npm/cli/releases/tag/v10.4.0[39m
52 notice Run [32mnpm install -g npm@10.4.0[39m to update!
52 notice
53 verbose stack Error: EACCES: permission denied, mkdir '/usr/local/lib/node_modules/pnpm'
53 verbose stack     at async mkdir (node:internal/fs/promises:855:10)
53 verbose stack     at async /usr/local/lib/node_modules/npm/node_modules/@npmcli/arborist/lib/arborist/reify.js:551:20
53 verbose stack     at async Promise.allSettled (index 0)
53 verbose stack     at async [reifyPackages] (/usr/local/lib/node_modules/npm/node_modules/@npmcli/arborist/lib/arborist/reify.js:251:11)
53 verbose stack     at async Arborist.reify (/usr/local/lib/node_modules/npm/node_modules/@npmcli/arborist/lib/arborist/reify.js:170:5)
53 verbose stack     at async Install.exec (/usr/local/lib/node_modules/npm/lib/commands/install.js:152:5)
53 verbose stack     at async module.exports (/usr/local/lib/node_modules/npm/lib/cli-entry.js:61:5)
54 verbose cwd /Users/jeff/Desktop/Dev/joshuakgoldberg-dot-com
55 verbose Darwin 21.6.0
56 verbose node v21.6.1
57 verbose npm  v10.2.4
58 error code EACCES
59 error syscall mkdir
60 error path /usr/local/lib/node_modules/pnpm
61 error errno -13
62 error Error: EACCES: permission denied, mkdir '/usr/local/lib/node_modules/pnpm'
62 error     at async mkdir (node:internal/fs/promises:855:10)
62 error     at async /usr/local/lib/node_modules/npm/node_modules/@npmcli/arborist/lib/arborist/reify.js:551:20
62 error     at async Promise.allSettled (index 0)
62 error     at async [reifyPackages] (/usr/local/lib/node_modules/npm/node_modules/@npmcli/arborist/lib/arborist/reify.js:251:11)
62 error     at async Arborist.reify (/usr/local/lib/node_modules/npm/node_modules/@npmcli/arborist/lib/arborist/reify.js:170:5)
62 error     at async Install.exec (/usr/local/lib/node_modules/npm/lib/commands/install.js:152:5)
62 error     at async module.exports (/usr/local/lib/node_modules/npm/lib/cli-entry.js:61:5) {
62 error   errno: -13,
62 error   code: 'EACCES',
62 error   syscall: 'mkdir',
62 error   path: '/usr/local/lib/node_modules/pnpm'
62 error }
63 error
63 error The operation was rejected by your operating system.
63 error It is likely you do not have the permissions to access this file as the current user
63 error
63 error If you believe this might be a permissions issue, please double-check the
63 error permissions of the file and its containing directories, or try running
63 error the command again as root/Administrator.
64 verbose exit -13
65 timing npm Completed in 2203ms
66 verbose unfinished npm timer reify 1706995451420
67 verbose unfinished npm timer reify:createSparse 1706995452746
68 verbose code -13
69 error A complete log of this run can be found in: /Users/jeff/.npm/_logs/2024-02-03T21_24_10_548Z-debug-0.log
