0 verbose cli /usr/local/bin/node /usr/local/bin/npm
1 info using npm@10.2.4
2 info using node@v21.6.1
3 timing npm:load:whichnode Completed in 1ms
4 timing config:load:defaults Completed in 1ms
5 timing config:load:file:/usr/local/lib/node_modules/npm/npmrc Completed in 2ms
6 timing config:load:builtin Completed in 2ms
7 timing config:load:cli Completed in 1ms
8 timing config:load:env Completed in 1ms
9 timing config:load:file:/Users/jeff/Desktop/Dev/joshuakgoldberg-dot-com/.npmrc Completed in 0ms
10 timing config:load:project Completed in 2ms
11 timing config:load:file:/Users/jeff/.npmrc Completed in 1ms
12 timing config:load:user Completed in 1ms
13 timing config:load:file:/usr/local/etc/npmrc Completed in 1ms
14 timing config:load:global Completed in 1ms
15 timing config:load:setEnvs Completed in 1ms
16 timing config:load Completed in 11ms
17 timing npm:load:configload Completed in 12ms
18 timing config:load:flatten Completed in 2ms
19 timing npm:load:mkdirpcache Completed in 1ms
20 timing npm:load:mkdirplogs Completed in 0ms
21 verbose title npm i
22 verbose argv "i"
23 timing npm:load:setTitle Completed in 23ms
24 timing npm:load:display Completed in 1ms
25 verbose logfile logs-max:10 dir:/Users/jeff/.npm/_logs/2024-02-03T21_25_22_370Z-
26 verbose logfile /Users/jeff/.npm/_logs/2024-02-03T21_25_22_370Z-debug-0.log
27 timing npm:load:logFile Completed in 9ms
28 timing npm:load:timers Completed in 0ms
29 timing npm:load:configScope Completed in 0ms
30 timing npm:load Completed in 64ms
31 timing arborist:ctor Completed in 1ms
32 silly logfile done cleaning log files
33 timing arborist:ctor Completed in 1ms
34 timing idealTree:init Completed in 14ms
35 timing idealTree:userRequests Completed in 0ms
36 silly idealTree buildDeps
37 silly fetch manifest @astrojs/mdx@^2.0.0
38 http fetch GET 200 https://registry.npmjs.org/@astrojs%2fmdx 25ms (cache hit)
39 silly fetch manifest astro@^4.0.3
40 http fetch GET 200 https://registry.npmjs.org/astro 14ms (cache hit)
41 silly fetch manifest @astrojs/rss@^4.0.1
42 http fetch GET 200 https://registry.npmjs.org/@astrojs%2frss 5ms (cache hit)
43 silly fetch manifest @astrojs/sitemap@^3.0.3
44 http fetch GET 200 https://registry.npmjs.org/@astrojs%2fsitemap 5ms (cache hit)
45 silly fetch manifest @astrojs/solid-js@^3.0.2
46 http fetch GET 200 https://registry.npmjs.org/@astrojs%2fsolid-js 11ms (cache hit)
47 silly fetch manifest solid-js@^1.8.12
48 http fetch GET 200 https://registry.npmjs.org/solid-js 6ms (cache hit)
49 silly fetch manifest @fontsource/league-spartan@^4.5.13
50 http fetch GET 200 https://registry.npmjs.org/@fontsource%2fleague-spartan 4ms (cache hit)
51 silly fetch manifest @kobalte/core@^0.12.0
52 http fetch GET 200 https://registry.npmjs.org/@kobalte%2fcore 5ms (cache hit)
53 silly fetch manifest @solid-primitives/refs@^1.0.6
54 http fetch GET 200 https://registry.npmjs.org/@solid-primitives%2frefs 4ms (cache hit)
55 silly fetch manifest @typescript-eslint/eslint-plugin@^6.13.2
56 http fetch GET 200 https://registry.npmjs.org/@typescript-eslint%2feslint-plugin 28ms (cache hit)
57 silly fetch manifest @typescript-eslint/parser@^6.13.2
58 http fetch GET 200 https://registry.npmjs.org/@typescript-eslint%2fparser 2118ms (cache miss)
59 silly fetch manifest @typescript-eslint/parser@^6.0.0 || ^6.0.0-alpha
60 http fetch GET 200 https://registry.npmjs.org/@typescript-eslint%2fparser 286ms (cache miss)
61 timing idealTree Completed in 2661ms
62 timing command:i Completed in 2683ms
63 verbose stack Error: unable to resolve dependency tree
63 verbose stack     at #failPeerConflict (/usr/local/lib/node_modules/npm/node_modules/@npmcli/arborist/lib/arborist/build-ideal-tree.js:1376:25)
63 verbose stack     at #loadPeerSet (/usr/local/lib/node_modules/npm/node_modules/@npmcli/arborist/lib/arborist/build-ideal-tree.js:1342:33)
63 verbose stack     at async #buildDepStep (/usr/local/lib/node_modules/npm/node_modules/@npmcli/arborist/lib/arborist/build-ideal-tree.js:917:11)
63 verbose stack     at async Arborist.buildIdealTree (/usr/local/lib/node_modules/npm/node_modules/@npmcli/arborist/lib/arborist/build-ideal-tree.js:196:7)
63 verbose stack     at async Promise.all (index 1)
63 verbose stack     at async Arborist.reify (/usr/local/lib/node_modules/npm/node_modules/@npmcli/arborist/lib/arborist/reify.js:159:5)
63 verbose stack     at async Install.exec (/usr/local/lib/node_modules/npm/lib/commands/install.js:152:5)
63 verbose stack     at async module.exports (/usr/local/lib/node_modules/npm/lib/cli-entry.js:61:5)
64 verbose cwd /Users/jeff/Desktop/Dev/joshuakgoldberg-dot-com
65 verbose Darwin 21.6.0
66 verbose node v21.6.1
67 verbose npm  v10.2.4
68 error code ERESOLVE
69 error ERESOLVE unable to resolve dependency tree
70 error
71 error While resolving: [1mdot-com[22m@[1m0.0.1[22m
71 error Found: [1m@typescript-eslint/parser[22m@[1mundefined[22m[2m[22m
71 error [2mnode_modules/@typescript-eslint/parser[22m
71 error   [1m@typescript-eslint/parser[22m@"[1m^6.13.2[22m" from the root project
71 error
71 error Could not resolve dependency:
71 error [35mpeer[39m [1m@typescript-eslint/parser[22m@"[1m^6.0.0 || ^6.0.0-alpha[22m" from [1m@typescript-eslint/eslint-plugin[22m@[1m6.20.0[22m[2m[22m
71 error [2mnode_modules/@typescript-eslint/eslint-plugin[22m
71 error   [1m@typescript-eslint/eslint-plugin[22m@"[1m^6.13.2[22m" from the root project
71 error
71 error Fix the upstream dependency conflict, or retry
71 error this command with --force or --legacy-peer-deps
71 error to accept an incorrect (and potentially broken) dependency resolution.
72 error
72 error
72 error For a full report see:
72 error /Users/jeff/.npm/_logs/2024-02-03T21_25_22_370Z-eresolve-report.txt
73 verbose exit 1
74 timing npm Completed in 2931ms
75 verbose unfinished npm timer reify 1706995522610
76 verbose unfinished npm timer reify:loadTrees 1706995522628
77 verbose unfinished npm timer idealTree:buildDeps 1706995522644
78 verbose unfinished npm timer idealTree:#root 1706995522644
79 verbose code 1
80 error A complete log of this run can be found in: /Users/jeff/.npm/_logs/2024-02-03T21_25_22_370Z-debug-0.log
